<?xml version="1.0" encoding="UTF-8"?>
<!-- Generated by org.testng.reporters.JUnitXMLReporter -->
<testsuite ignored="1" hostname="DESKTOP-6RAGRLU" failures="0" tests="1" name="TestRunner1" time="317.013" errors="0" timestamp="2024-06-25T10:15:55 IST">
  <testcase classname="Generic_Utilities.BaseClass" name="@AfterMethod am" time="1.773">
    <failure type="org.openqa.selenium.ElementClickInterceptedException" message="element click intercepted: Element &amp;lt;img src=&amp;quot;themes/softed/images/user.PNG&amp;quot; border=&amp;quot;0&amp;quot; style=&amp;quot;padding: 0px;padding-left:5px&amp;quot;&amp;gt; is not clickable at point (1266, 18). Other element would receive the click: &amp;lt;div id=&amp;quot;__vtigerjs_dialogbox_olayer__&amp;quot; class=&amp;quot;small veil&amp;quot; style=&amp;quot;z-index: 1719290748; height: 1049px; width: 100%; display: block; opacity: 0.3;&amp;quot;&amp;gt;...&amp;lt;/div&amp;gt;
  (Session info: chrome=126.0.6478.63)
Build info: version: &amp;apos;4.19.1&amp;apos;, revision: &amp;apos;abe0ee07dc&amp;apos;
System info: os.name: &amp;apos;Windows 10&amp;apos;, os.arch: &amp;apos;amd64&amp;apos;, os.version: &amp;apos;10.0&amp;apos;, java.version: &amp;apos;21.0.1&amp;apos;
Driver info: org.openqa.selenium.chrome.ChromeDriver
Command: [2bcf4c66bc1a6aea543b63a1a9649a06, clickElement {id=f.AA949BE312DC7E90DDF4B381AF6192B9.d.E8C967B1A9E1FD710796885EAF0D4283.e.206}]
Capabilities {acceptInsecureCerts: false, browserName: chrome, browserVersion: 126.0.6478.63, chrome: {chromedriverVersion: 126.0.6478.126 (d36ace6122e..., userDataDir: C:\Users\LENOVO\AppData\Loc...}, fedcm:accounts: true, goog:chromeOptions: {debuggerAddress: localhost:51682}, networkConnectionEnabled: false, pageLoadStrategy: normal, platformName: windows, proxy: Proxy(), se:cdp: ws://localhost:51682/devtoo..., se:cdpVersion: 126.0.6478.63, setWindowRect: true, strictFileInteractability: false, timeouts: {implicit: 0, pageLoad: 300000, script: 30000}, unhandledPromptBehavior: dismiss and notify, webauthn:extension:credBlob: true, webauthn:extension:largeBlob: true, webauthn:extension:minPinLength: true, webauthn:extension:prf: true, webauthn:virtualAuthenticators: true}
Element: [[ChromeDriver: chrome on windows (2bcf4c66bc1a6aea543b63a1a9649a06)] -&amp;gt; xpath: //img[@src=&amp;apos;themes/softed/images/user.PNG&amp;apos;]]
Session ID: 2bcf4c66bc1a6aea543b63a1a9649a06">
      <![CDATA[org.openqa.selenium.ElementClickInterceptedException: element click intercepted: Element <img src="themes/softed/images/user.PNG" border="0" style="padding: 0px;padding-left:5px"> is not clickable at point (1266, 18). Other element would receive the click: <div id="__vtigerjs_dialogbox_olayer__" class="small veil" style="z-index: 1719290748; height: 1049px; width: 100%; display: block; opacity: 0.3;">...</div>
  (Session info: chrome=126.0.6478.63)
Build info: version: '4.19.1', revision: 'abe0ee07dc'
System info: os.name: 'Windows 10', os.arch: 'amd64', os.version: '10.0', java.version: '21.0.1'
Driver info: org.openqa.selenium.chrome.ChromeDriver
Command: [2bcf4c66bc1a6aea543b63a1a9649a06, clickElement {id=f.AA949BE312DC7E90DDF4B381AF6192B9.d.E8C967B1A9E1FD710796885EAF0D4283.e.206}]
Capabilities {acceptInsecureCerts: false, browserName: chrome, browserVersion: 126.0.6478.63, chrome: {chromedriverVersion: 126.0.6478.126 (d36ace6122e..., userDataDir: C:\Users\LENOVO\AppData\Loc...}, fedcm:accounts: true, goog:chromeOptions: {debuggerAddress: localhost:51682}, networkConnectionEnabled: false, pageLoadStrategy: normal, platformName: windows, proxy: Proxy(), se:cdp: ws://localhost:51682/devtoo..., se:cdpVersion: 126.0.6478.63, setWindowRect: true, strictFileInteractability: false, timeouts: {implicit: 0, pageLoad: 300000, script: 30000}, unhandledPromptBehavior: dismiss and notify, webauthn:extension:credBlob: true, webauthn:extension:largeBlob: true, webauthn:extension:minPinLength: true, webauthn:extension:prf: true, webauthn:virtualAuthenticators: true}
Element: [[ChromeDriver: chrome on windows (2bcf4c66bc1a6aea543b63a1a9649a06)] -> xpath: //img[@src='themes/softed/images/user.PNG']]
Session ID: 2bcf4c66bc1a6aea543b63a1a9649a06
at org.openqa.selenium.remote.ErrorCodec.decode(ErrorCodec.java:167)
at org.openqa.selenium.remote.codec.w3c.W3CHttpResponseCodec.decode(W3CHttpResponseCodec.java:138)
at org.openqa.selenium.remote.codec.w3c.W3CHttpResponseCodec.decode(W3CHttpResponseCodec.java:50)
at org.openqa.selenium.remote.HttpCommandExecutor.execute(HttpCommandExecutor.java:190)
at org.openqa.selenium.remote.service.DriverCommandExecutor.invokeExecute(DriverCommandExecutor.java:216)
at org.openqa.selenium.remote.service.DriverCommandExecutor.execute(DriverCommandExecutor.java:174)
at org.openqa.selenium.remote.RemoteWebDriver.execute(RemoteWebDriver.java:518)
at org.openqa.selenium.remote.RemoteWebElement.execute(RemoteWebElement.java:223)
at org.openqa.selenium.remote.RemoteWebElement.click(RemoteWebElement.java:76)
at org.openqa.selenium.support.pagefactory.internal.LocatingElementHandler.invoke(LocatingElementHandler.java:51)
at jdk.proxy2/jdk.proxy2.$Proxy18.click(Unknown Source)
at ObjectRepository.HomePage.clickAdministratorImg(HomePage.java:79)
at Generic_Utilities.BaseClass.am(BaseClass.java:85)
at java.base/java.util.ArrayList.forEach(ArrayList.java:1596)
at java.base/java.util.concurrent.FutureTask.run(FutureTask.java:317)
at java.base/java.util.concurrent.ThreadPoolExecutor.runWorker(ThreadPoolExecutor.java:1144)
at java.base/java.util.concurrent.ThreadPoolExecutor$Worker.run(ThreadPoolExecutor.java:642)
at java.base/java.lang.Thread.run(Thread.java:1583)
... Removed 26 stack frames]]>
    </failure>
  </testcase> <!-- @AfterMethod am -->
  <testcase classname="Generic_Utilities.BaseClass" name="@AfterClass ac" time="-1.719290752961E9">
    <skipped/>
  </testcase> <!-- @AfterClass ac -->
  <testcase classname="Organisation.CreateOrganisationTest" name="CreateOrganisation" time="124.397"/>
  <testcase classname="Organisation.CreateOrganisationTest" name="CreateProductTest" time="0.0">
    <ignored/>
  </testcase> <!-- CreateProductTest -->
</testsuite> <!-- TestRunner1 -->
